<?xml version="1.0" encoding="UTF-8"?>
<testsuite name="com.diamondprinter.DiamondPrinterTest" tests="2" skipped="0" failures="0" errors="0" timestamp="2024-03-11T22:52:16" hostname="LAPTOP-JCJBPO4O" time="0.004">
  <properties/>
  <testcase name="testPrintDiamondSuccess()" classname="com.diamondprinter.DiamondPrinterTest" time="0.001"/>
  <testcase name="testPrintDiamondFailure()" classname="com.diamondprinter.DiamondPrinterTest" time="0.003"/>
  <system-out><![CDATA[]]></system-out>
  <system-err><![CDATA[]]></system-err>
</testsuite>
