<?xml version="1.0" encoding="UTF-8"?>
<testsuite name="com.diamondprinter.DiamondPrinterIntegrationTest" tests="2" skipped="0" failures="0" errors="0" timestamp="2024-03-11T22:52:16" hostname="LAPTOP-JCJBPO4O" time="0.01">
  <properties/>
  <testcase name="testPrintDiamondIntegrationFail()" classname="com.diamondprinter.DiamondPrinterIntegrationTest" time="0.004"/>
  <testcase name="testPrintDiamondIntegrationSuccess()" classname="com.diamondprinter.DiamondPrinterIntegrationTest" time="0.005"/>
  <system-out><![CDATA[2024-03-11 22:52:16.321  INFO 16944 --- [    Test worker] .b.t.c.SpringBootTestContextBootstrapper : Neither @ContextConfiguration nor @ContextHierarchy found for test class [com.diamondprinter.DiamondPrinterIntegrationTest], using SpringBootContextLoader
2024-03-11 22:52:16.321  INFO 16944 --- [    Test worker] o.s.t.c.support.AbstractContextLoader    : Could not detect default resource locations for test class [com.diamondprinter.DiamondPrinterIntegrationTest]: no resource found for suffixes {-context.xml, Context.groovy}.
2024-03-11 22:52:16.321  INFO 16944 --- [    Test worker] t.c.s.AnnotationConfigContextLoaderUtils : Could not detect default configuration classes for test class [com.diamondprinter.DiamondPrinterIntegrationTest]: DiamondPrinterIntegrationTest does not declare any static, non-private, non-final, nested classes annotated with @Configuration.
2024-03-11 22:52:16.329  INFO 16944 --- [    Test worker] .b.t.c.SpringBootTestContextBootstrapper : Found @SpringBootConfiguration com.diamondprinter.DiamondPrinterApplication for test class com.diamondprinter.DiamondPrinterIntegrationTest
2024-03-11 22:52:16.331  INFO 16944 --- [    Test worker] .b.t.c.SpringBootTestContextBootstrapper : Loaded default TestExecutionListener class names from location [META-INF/spring.factories]: [org.springframework.boot.test.autoconfigure.restdocs.RestDocsTestExecutionListener, org.springframework.boot.test.autoconfigure.web.client.MockRestServiceServerResetTestExecutionListener, org.springframework.boot.test.autoconfigure.web.servlet.MockMvcPrintOnlyOnFailureTestExecutionListener, org.springframework.boot.test.autoconfigure.web.servlet.WebDriverTestExecutionListener, org.springframework.boot.test.autoconfigure.webservices.client.MockWebServiceServerTestExecutionListener, org.springframework.boot.test.mock.mockito.MockitoTestExecutionListener, org.springframework.boot.test.mock.mockito.ResetMocksTestExecutionListener, org.springframework.test.context.web.ServletTestExecutionListener, org.springframework.test.context.support.DirtiesContextBeforeModesTestExecutionListener, org.springframework.test.context.event.ApplicationEventsTestExecutionListener, org.springframework.test.context.support.DependencyInjectionTestExecutionListener, org.springframework.test.context.support.DirtiesContextTestExecutionListener, org.springframework.test.context.transaction.TransactionalTestExecutionListener, org.springframework.test.context.jdbc.SqlScriptsTestExecutionListener, org.springframework.test.context.event.EventPublishingTestExecutionListener]
2024-03-11 22:52:16.331  INFO 16944 --- [    Test worker] .b.t.c.SpringBootTestContextBootstrapper : Using TestExecutionListeners: [org.springframework.test.context.web.ServletTestExecutionListener@6a0ee80, org.springframework.test.context.support.DirtiesContextBeforeModesTestExecutionListener@71de1091, org.springframework.test.context.event.ApplicationEventsTestExecutionListener@25c16cf7, org.springframework.boot.test.mock.mockito.MockitoTestExecutionListener@53dbe7b2, org.springframework.boot.test.autoconfigure.SpringBootDependencyInjectionTestExecutionListener@520ec7a7, org.springframework.test.context.support.DirtiesContextTestExecutionListener@53551fef, org.springframework.test.context.transaction.TransactionalTestExecutionListener@7d5d77a6, org.springframework.test.context.jdbc.SqlScriptsTestExecutionListener@71b7e9c8, org.springframework.test.context.event.EventPublishingTestExecutionListener@55202ba6, org.springframework.boot.test.autoconfigure.restdocs.RestDocsTestExecutionListener@2ef1fc8a, org.springframework.boot.test.autoconfigure.web.client.MockRestServiceServerResetTestExecutionListener@38874eb5, org.springframework.boot.test.autoconfigure.web.servlet.MockMvcPrintOnlyOnFailureTestExecutionListener@76b019c4, org.springframework.boot.test.autoconfigure.web.servlet.WebDriverTestExecutionListener@221961af, org.springframework.boot.test.autoconfigure.webservices.client.MockWebServiceServerTestExecutionListener@32ddcca, org.springframework.boot.test.mock.mockito.ResetMocksTestExecutionListener@1ddc8fc]
]]></system-out>
  <system-err><![CDATA[]]></system-err>
</testsuite>
